[debug] [2023-04-09T20:37:03.926Z] ----------------------------------------------------------------------
[debug] [2023-04-09T20:37:03.927Z] Command:       /opt/homebrew/Cellar/node/19.6.0/bin/node /opt/homebrew/bin/firebase init hosting
[debug] [2023-04-09T20:37:03.928Z] CLI Version:   11.25.3
[debug] [2023-04-09T20:37:03.928Z] Platform:      darwin
[debug] [2023-04-09T20:37:03.928Z] Node Version:  v19.6.0
[debug] [2023-04-09T20:37:03.928Z] Time:          Sun Apr 09 2023 13:37:03 GMT-0700 (Pacific Daylight Time)
[debug] [2023-04-09T20:37:03.928Z] ----------------------------------------------------------------------
[debug] 
[debug] [2023-04-09T20:37:03.931Z] > command requires scopes: ["email","openid","https://www.googleapis.com/auth/cloudplatformprojects.readonly","https://www.googleapis.com/auth/firebase","https://www.googleapis.com/auth/cloud-platform"]
[debug] [2023-04-09T20:37:03.931Z] > authorizing via signed-in user (grant.licata@gmail.com)
[info] 
     ######## #### ########  ######## ########     ###     ######  ########
     ##        ##  ##     ## ##       ##     ##  ##   ##  ##       ##
     ######    ##  ########  ######   ########  #########  ######  ######
     ##        ##  ##    ##  ##       ##     ## ##     ##       ## ##
     ##       #### ##     ## ######## ########  ##     ##  ######  ########

You're about to initialize a Firebase project in this directory:

  /Users/grantlicata/Code/projects/DuoChat/client

[info] 
=== Project Setup
[info] 
[info] First, let's associate this project directory with a Firebase project.
[info] You can create multiple project aliases by running firebase use --add, 
[info] but for now we'll just set up a default project.
[info] 
[debug] [2023-04-09T20:37:06.687Z] >>> [apiv2][query] GET https://firebase.googleapis.com/v1beta1/projects pageSize=100
[debug] [2023-04-09T20:37:07.072Z] <<< [apiv2][status] GET https://firebase.googleapis.com/v1beta1/projects 200
[debug] [2023-04-09T20:37:07.073Z] <<< [apiv2][body] GET https://firebase.googleapis.com/v1beta1/projects [omitted]
[info] i  Using project duochat-10001 (DuoChat) 
[info] 
=== Hosting Setup
[info] 
[info] Your public directory is the folder (relative to your project directory) that
[info] will contain Hosting assets to be uploaded with firebase deploy. If you
[info] have a build process for your assets, use your build's output directory.
[info] 
[debug] [2023-04-09T20:37:53.178Z] >>> [apiv2][query] GET https://www.gstatic.com/firebasejs/releases.json [none]
[debug] [2023-04-09T20:37:53.323Z] <<< [apiv2][status] GET https://www.gstatic.com/firebasejs/releases.json 200
[debug] [2023-04-09T20:37:53.324Z] <<< [apiv2][body] GET https://www.gstatic.com/firebasejs/releases.json {"current":{"version":"9.19.1","browserURL":"https://www.gstatic.com/firebasejs/9.19.1/firebase.js","packageURL":"https://www.gstatic.com/firebasejs/9.19.1/firebase.tgz"},"live":{"version":"9.19","browserURL":"https://www.gstatic.com/firebasejs/live/9.19/firebase.js","packageURL":"https://www.gstatic.com/firebasejs/live/9.19/firebase.tgz"},"components":{"analytics":"https://www.gstatic.com/firebasejs/9.19.1/firebase-analytics.js","app":"https://www.gstatic.com/firebasejs/9.19.1/firebase-app.js","app-check":"https://www.gstatic.com/firebasejs/9.19.1/firebase-app-check.js","auth":"https://www.gstatic.com/firebasejs/9.19.1/firebase-auth.js","auth/cordova":"https://www.gstatic.com/firebasejs/9.19.1/firebase-auth/cordova.js","auth/react-native":"https://www.gstatic.com/firebasejs/9.19.1/firebase-auth/react-native.js","functions":"https://www.gstatic.com/firebasejs/9.19.1/firebase-functions.js","firestore":"https://www.gstatic.com/firebasejs/9.19.1/firebase-firestore.js","firestore/lite":"https://www.gstatic.com/firebasejs/9.19.1/firebase-firestore/lite.js","installations":"https://www.gstatic.com/firebasejs/9.19.1/firebase-installations.js","storage":"https://www.gstatic.com/firebasejs/9.19.1/firebase-storage.js","performance":"https://www.gstatic.com/firebasejs/9.19.1/firebase-performance.js","remote-config":"https://www.gstatic.com/firebasejs/9.19.1/firebase-remote-config.js","messaging":"https://www.gstatic.com/firebasejs/9.19.1/firebase-messaging.js","messaging/sw":"https://www.gstatic.com/firebasejs/9.19.1/firebase-messaging/sw.js","database":"https://www.gstatic.com/firebasejs/9.19.1/firebase-database.js","firestore.memory":"https://www.gstatic.com/firebasejs/9.19.1/firebase-firestore.memory.js"}}
[info] i  Skipping write of public/index.html 
[info] 
[info] i  Detected a .git folder at /Users/grantlicata/Code/projects/DuoChat 
[info] i  Authorizing with GitHub to upload your service account to a GitHub repository's secrets store. 
[info] 
[info] Visit this URL on this device to log in:
[info] https://github.com/login/oauth/authorize?client_id=89cf50f02ac6aaed3484&state=551517587&redirect_uri=http%3A%2F%2Flocalhost%3A9005&scope=read%3Auser%20repo%20public_repo
[info] 
[info] Waiting for authentication...
